This file contains any messages produced by compilers while
running configure, to aid debugging if configure makes a mistake.

It was created by RhythmCat configure 1.0.0, which was
generated by GNU Autoconf 2.67.  Invocation command line was

  $ ./configure --prefix=/opt/amd64/RhythmCat --enable-gtk-doc

## --------- ##
## Platform. ##
## --------- ##

hostname = supercat-laptop
uname -m = x86_64
uname -r = 2.6.32-5-amd64
uname -s = Linux
uname -v = #1 SMP Tue Mar 29 04:32:03 UTC 2011

/usr/bin/uname -p = unknown
/bin/uname -X     = unknown

/bin/arch              = unknown
/usr/bin/arch -k       = unknown
/usr/convex/getsysinfo = unknown
/usr/bin/hostinfo      = unknown
/bin/machine           = unknown
/usr/bin/oslevel       = unknown
/bin/universe          = unknown

PATH: /usr/local/bin
PATH: /usr/bin
PATH: /bin
PATH: /usr/local/games
PATH: /usr/games


## ----------- ##
## Core tests. ##
## ----------- ##

configure:2332: checking for a BSD-compatible install
configure:2400: result: /usr/bin/install -c
configure:2411: checking whether build environment is sane
configure:2461: result: yes
configure:2602: checking for a thread-safe mkdir -p
configure:2641: result: /bin/mkdir -p
configure:2654: checking for gawk
configure:2670: found /usr/bin/gawk
configure:2681: result: gawk
configure:2692: checking whether make sets $(MAKE)
configure:2714: result: yes
configure:2850: checking for gcc
configure:2866: found /usr/bin/gcc
configure:2877: result: gcc
configure:3106: checking for C compiler version
configure:3115: gcc --version >&5
gcc (Debian 4.4.5-8) 4.4.5
Copyright (C) 2010 Free Software Foundation, Inc.
This is free software; see the source for copying conditions.  There is NO
warranty; not even for MERCHANTABILITY or FITNESS FOR A PARTICULAR PURPOSE.

configure:3126: $? = 0
configure:3115: gcc -v >&5
Using built-in specs.
Target: x86_64-linux-gnu
Configured with: ../src/configure -v --with-pkgversion='Debian 4.4.5-8' --with-bugurl=file:///usr/share/doc/gcc-4.4/README.Bugs --enable-languages=c,c++,fortran,objc,obj-c++ --prefix=/usr --program-suffix=-4.4 --enable-shared --enable-multiarch --enable-linker-build-id --with-system-zlib --libexecdir=/usr/lib --without-included-gettext --enable-threads=posix --with-gxx-include-dir=/usr/include/c++/4.4 --libdir=/usr/lib --enable-nls --enable-clocale=gnu --enable-libstdcxx-debug --enable-objc-gc --with-arch-32=i586 --with-tune=generic --enable-checking=release --build=x86_64-linux-gnu --host=x86_64-linux-gnu --target=x86_64-linux-gnu
Thread model: posix
gcc version 4.4.5 (Debian 4.4.5-8) 
configure:3126: $? = 0
configure:3115: gcc -V >&5
gcc: '-V' option must have argument
configure:3126: $? = 1
configure:3115: gcc -qversion >&5
gcc: unrecognized option '-qversion'
gcc: no input files
configure:3126: $? = 1
configure:3146: checking whether the C compiler works
configure:3168: gcc    conftest.c  >&5
configure:3172: $? = 0
configure:3220: result: yes
configure:3223: checking for C compiler default output file name
configure:3225: result: a.out
configure:3231: checking for suffix of executables
configure:3238: gcc -o conftest    conftest.c  >&5
configure:3242: $? = 0
configure:3264: result: 
configure:3286: checking whether we are cross compiling
configure:3294: gcc -o conftest    conftest.c  >&5
configure:3298: $? = 0
configure:3305: ./conftest
configure:3309: $? = 0
configure:3324: result: no
configure:3329: checking for suffix of object files
configure:3351: gcc -c   conftest.c >&5
configure:3355: $? = 0
configure:3376: result: o
configure:3380: checking whether we are using the GNU C compiler
configure:3399: gcc -c   conftest.c >&5
configure:3399: $? = 0
configure:3408: result: yes
configure:3417: checking whether gcc accepts -g
configure:3437: gcc -c -g  conftest.c >&5
configure:3437: $? = 0
configure:3478: result: yes
configure:3495: checking for gcc option to accept ISO C89
configure:3559: gcc  -c -g -O2  conftest.c >&5
configure:3559: $? = 0
configure:3572: result: none needed
configure:3603: checking for style of include used by make
configure:3631: result: GNU
configure:3656: checking dependency style of gcc
configure:3766: result: gcc3
configure:3782: checking whether ln -s works
configure:3786: result: yes
configure:3797: checking for dbus-binding-tool
configure:3815: found /usr/bin/dbus-binding-tool
configure:3828: result: /usr/bin/dbus-binding-tool
configure:3894: checking for pkg-config
configure:3912: found /usr/bin/pkg-config
configure:3924: result: /usr/bin/pkg-config
configure:3949: checking pkg-config is at least version 0.9.0
configure:3952: result: yes
configure:3964: checking for gtkdoc-check
configure:3982: found /usr/bin/gtkdoc-check
configure:3994: result: /usr/bin/gtkdoc-check
configure:4006: checking for gtkdoc-rebase
configure:4024: found /usr/bin/gtkdoc-rebase
configure:4036: result: /usr/bin/gtkdoc-rebase
configure:4050: checking for gtkdoc-mkpdf
configure:4068: found /usr/bin/gtkdoc-mkpdf
configure:4080: result: /usr/bin/gtkdoc-mkpdf
configure:4110: $PKG_CONFIG --exists --print-errors "gtk-doc >= 1.14"
configure:4113: $? = 0
configure:4121: checking whether to build gtk-doc documentation
configure:4123: result: yes
configure:4191: checking for GLIB2
configure:4199: $PKG_CONFIG --exists --print-errors "glib-2.0 >= 2.16, gthread-2.0 >= 2.16, \
    gmodule-2.0 >= 2.16, gio-2.0 >= 2.16"
configure:4203: $? = 0
configure:4218: $PKG_CONFIG --exists --print-errors "glib-2.0 >= 2.16, gthread-2.0 >= 2.16, \
    gmodule-2.0 >= 2.16, gio-2.0 >= 2.16"
configure:4222: $? = 0
configure:4283: result: yes
configure:4289: checking for DBUS_GLIB
configure:4296: $PKG_CONFIG --exists --print-errors "dbus-glib-1 >= 0.76"
configure:4299: $? = 0
configure:4312: $PKG_CONFIG --exists --print-errors "dbus-glib-1 >= 0.76"
configure:4315: $? = 0
configure:4372: result: yes
configure:4378: checking for GTK2
configure:4385: $PKG_CONFIG --exists --print-errors "gtk+-2.0 >= 2.12.0"
configure:4388: $? = 0
configure:4401: $PKG_CONFIG --exists --print-errors "gtk+-2.0 >= 2.12.0"
configure:4404: $? = 0
configure:4461: result: yes
configure:4467: checking for GSTREAMER
configure:4475: $PKG_CONFIG --exists --print-errors "gstreamer-0.10 >= 0.10.15, \
    gstreamer-pbutils-0.10 >= 0.10.15"
configure:4479: $? = 0
configure:4494: $PKG_CONFIG --exists --print-errors "gstreamer-0.10 >= 0.10.15, \
    gstreamer-pbutils-0.10 >= 0.10.15"
configure:4498: $? = 0
configure:4559: result: yes
configure:4571: checking how to run the C preprocessor
configure:4602: gcc -E  conftest.c
configure:4602: $? = 0
configure:4616: gcc -E  conftest.c
conftest.c:11:28: error: ac_nonexistent.h: No such file or directory
configure:4616: $? = 1
configure: failed program was:
| /* confdefs.h */
| #define PACKAGE_NAME "RhythmCat"
| #define PACKAGE_TARNAME "rhythmcat"
| #define PACKAGE_VERSION "1.0.0"
| #define PACKAGE_STRING "RhythmCat 1.0.0"
| #define PACKAGE_BUGREPORT "http://code.google.com/p/rhythmcat/issues/list"
| #define PACKAGE_URL ""
| #define PACKAGE "RhythmCat"
| #define VERSION "1.0.0"
| /* end confdefs.h.  */
| #include <ac_nonexistent.h>
configure:4641: result: gcc -E
configure:4661: gcc -E  conftest.c
configure:4661: $? = 0
configure:4675: gcc -E  conftest.c
conftest.c:11:28: error: ac_nonexistent.h: No such file or directory
configure:4675: $? = 1
configure: failed program was:
| /* confdefs.h */
| #define PACKAGE_NAME "RhythmCat"
| #define PACKAGE_TARNAME "rhythmcat"
| #define PACKAGE_VERSION "1.0.0"
| #define PACKAGE_STRING "RhythmCat 1.0.0"
| #define PACKAGE_BUGREPORT "http://code.google.com/p/rhythmcat/issues/list"
| #define PACKAGE_URL ""
| #define PACKAGE "RhythmCat"
| #define VERSION "1.0.0"
| /* end confdefs.h.  */
| #include <ac_nonexistent.h>
configure:4704: checking for grep that handles long lines and -e
configure:4762: result: /bin/grep
configure:4767: checking for egrep
configure:4829: result: /bin/grep -E
configure:4834: checking for ANSI C header files
configure:4854: gcc -c -Wall -O2 -DINSTALL_PATH=\"${datarootdir}/RhythmCat/\"  conftest.c >&5
<command-line>: warning: missing terminating " character
configure:4854: $? = 0
configure:4927: gcc -o conftest -Wall -O2 -DINSTALL_PATH=\"${datarootdir}/RhythmCat/\"   conftest.c  >&5
<command-line>: warning: missing terminating " character
configure:4927: $? = 0
configure:4927: ./conftest
configure:4927: $? = 0
configure:4938: result: yes
configure:4951: checking for sys/types.h
configure:4951: gcc -c -Wall -O2 -DINSTALL_PATH=\"${datarootdir}/RhythmCat/\"  conftest.c >&5
<command-line>: warning: missing terminating " character
configure:4951: $? = 0
configure:4951: result: yes
configure:4951: checking for sys/stat.h
configure:4951: gcc -c -Wall -O2 -DINSTALL_PATH=\"${datarootdir}/RhythmCat/\"  conftest.c >&5
<command-line>: warning: missing terminating " character
configure:4951: $? = 0
configure:4951: result: yes
configure:4951: checking for stdlib.h
configure:4951: gcc -c -Wall -O2 -DINSTALL_PATH=\"${datarootdir}/RhythmCat/\"  conftest.c >&5
<command-line>: warning: missing terminating " character
configure:4951: $? = 0
configure:4951: result: yes
configure:4951: checking for string.h
configure:4951: gcc -c -Wall -O2 -DINSTALL_PATH=\"${datarootdir}/RhythmCat/\"  conftest.c >&5
<command-line>: warning: missing terminating " character
configure:4951: $? = 0
configure:4951: result: yes
configure:4951: checking for memory.h
configure:4951: gcc -c -Wall -O2 -DINSTALL_PATH=\"${datarootdir}/RhythmCat/\"  conftest.c >&5
<command-line>: warning: missing terminating " character
configure:4951: $? = 0
configure:4951: result: yes
configure:4951: checking for strings.h
configure:4951: gcc -c -Wall -O2 -DINSTALL_PATH=\"${datarootdir}/RhythmCat/\"  conftest.c >&5
<command-line>: warning: missing terminating " character
configure:4951: $? = 0
configure:4951: result: yes
configure:4951: checking for inttypes.h
configure:4951: gcc -c -Wall -O2 -DINSTALL_PATH=\"${datarootdir}/RhythmCat/\"  conftest.c >&5
<command-line>: warning: missing terminating " character
configure:4951: $? = 0
configure:4951: result: yes
configure:4951: checking for stdint.h
configure:4951: gcc -c -Wall -O2 -DINSTALL_PATH=\"${datarootdir}/RhythmCat/\"  conftest.c >&5
<command-line>: warning: missing terminating " character
configure:4951: $? = 0
configure:4951: result: yes
configure:4951: checking for unistd.h
configure:4951: gcc -c -Wall -O2 -DINSTALL_PATH=\"${datarootdir}/RhythmCat/\"  conftest.c >&5
<command-line>: warning: missing terminating " character
configure:4951: $? = 0
configure:4951: result: yes
configure:4966: checking for stdlib.h
configure:4966: result: yes
configure:4966: checking for string.h
configure:4966: result: yes
configure:4966: checking for unistd.h
configure:4966: result: yes
configure:4966: checking stdio.h usability
configure:4966: gcc -c -Wall -O2 -DINSTALL_PATH=\"${datarootdir}/RhythmCat/\"  conftest.c >&5
<command-line>: warning: missing terminating " character
configure:4966: $? = 0
configure:4966: result: yes
configure:4966: checking stdio.h presence
configure:4966: gcc -E  conftest.c
configure:4966: $? = 0
configure:4966: result: yes
configure:4966: checking for stdio.h
configure:4966: result: yes
configure:4966: checking limits.h usability
configure:4966: gcc -c -Wall -O2 -DINSTALL_PATH=\"${datarootdir}/RhythmCat/\"  conftest.c >&5
<command-line>: warning: missing terminating " character
configure:4966: $? = 0
configure:4966: result: yes
configure:4966: checking limits.h presence
configure:4966: gcc -E  conftest.c
configure:4966: $? = 0
configure:4966: result: yes
configure:4966: checking for limits.h
configure:4966: result: yes
configure:4978: checking for pid_t
configure:4978: gcc -c -Wall -O2 -DINSTALL_PATH=\"${datarootdir}/RhythmCat/\"  conftest.c >&5
<command-line>: warning: missing terminating " character
configure:4978: $? = 0
configure:4978: gcc -c -Wall -O2 -DINSTALL_PATH=\"${datarootdir}/RhythmCat/\"  conftest.c >&5
<command-line>: warning: missing terminating " character
conftest.c: In function 'main':
conftest.c:62: error: expected expression before ')' token
configure:4978: $? = 1
configure: failed program was:
| /* confdefs.h */
| #define PACKAGE_NAME "RhythmCat"
| #define PACKAGE_TARNAME "rhythmcat"
| #define PACKAGE_VERSION "1.0.0"
| #define PACKAGE_STRING "RhythmCat 1.0.0"
| #define PACKAGE_BUGREPORT "http://code.google.com/p/rhythmcat/issues/list"
| #define PACKAGE_URL ""
| #define PACKAGE "RhythmCat"
| #define VERSION "1.0.0"
| #define STDC_HEADERS 1
| #define HAVE_SYS_TYPES_H 1
| #define HAVE_SYS_STAT_H 1
| #define HAVE_STDLIB_H 1
| #define HAVE_STRING_H 1
| #define HAVE_MEMORY_H 1
| #define HAVE_STRINGS_H 1
| #define HAVE_INTTYPES_H 1
| #define HAVE_STDINT_H 1
| #define HAVE_UNISTD_H 1
| #define HAVE_STDLIB_H 1
| #define HAVE_STRING_H 1
| #define HAVE_UNISTD_H 1
| #define HAVE_STDIO_H 1
| #define HAVE_LIMITS_H 1
| /* end confdefs.h.  */
| #include <stdio.h>
| #ifdef HAVE_SYS_TYPES_H
| # include <sys/types.h>
| #endif
| #ifdef HAVE_SYS_STAT_H
| # include <sys/stat.h>
| #endif
| #ifdef STDC_HEADERS
| # include <stdlib.h>
| # include <stddef.h>
| #else
| # ifdef HAVE_STDLIB_H
| #  include <stdlib.h>
| # endif
| #endif
| #ifdef HAVE_STRING_H
| # if !defined STDC_HEADERS && defined HAVE_MEMORY_H
| #  include <memory.h>
| # endif
| # include <string.h>
| #endif
| #ifdef HAVE_STRINGS_H
| # include <strings.h>
| #endif
| #ifdef HAVE_INTTYPES_H
| # include <inttypes.h>
| #endif
| #ifdef HAVE_STDINT_H
| # include <stdint.h>
| #endif
| #ifdef HAVE_UNISTD_H
| # include <unistd.h>
| #endif
| int
| main ()
| {
| if (sizeof ((pid_t)))
| 	    return 0;
|   ;
|   return 0;
| }
configure:4978: result: yes
configure:4993: checking vfork.h usability
configure:4993: gcc -c -Wall -O2 -DINSTALL_PATH=\"${datarootdir}/RhythmCat/\"  conftest.c >&5
<command-line>: warning: missing terminating " character
conftest.c:59:19: error: vfork.h: No such file or directory
configure:4993: $? = 1
configure: failed program was:
| /* confdefs.h */
| #define PACKAGE_NAME "RhythmCat"
| #define PACKAGE_TARNAME "rhythmcat"
| #define PACKAGE_VERSION "1.0.0"
| #define PACKAGE_STRING "RhythmCat 1.0.0"
| #define PACKAGE_BUGREPORT "http://code.google.com/p/rhythmcat/issues/list"
| #define PACKAGE_URL ""
| #define PACKAGE "RhythmCat"
| #define VERSION "1.0.0"
| #define STDC_HEADERS 1
| #define HAVE_SYS_TYPES_H 1
| #define HAVE_SYS_STAT_H 1
| #define HAVE_STDLIB_H 1
| #define HAVE_STRING_H 1
| #define HAVE_MEMORY_H 1
| #define HAVE_STRINGS_H 1
| #define HAVE_INTTYPES_H 1
| #define HAVE_STDINT_H 1
| #define HAVE_UNISTD_H 1
| #define HAVE_STDLIB_H 1
| #define HAVE_STRING_H 1
| #define HAVE_UNISTD_H 1
| #define HAVE_STDIO_H 1
| #define HAVE_LIMITS_H 1
| /* end confdefs.h.  */
| #include <stdio.h>
| #ifdef HAVE_SYS_TYPES_H
| # include <sys/types.h>
| #endif
| #ifdef HAVE_SYS_STAT_H
| # include <sys/stat.h>
| #endif
| #ifdef STDC_HEADERS
| # include <stdlib.h>
| # include <stddef.h>
| #else
| # ifdef HAVE_STDLIB_H
| #  include <stdlib.h>
| # endif
| #endif
| #ifdef HAVE_STRING_H
| # if !defined STDC_HEADERS && defined HAVE_MEMORY_H
| #  include <memory.h>
| # endif
| # include <string.h>
| #endif
| #ifdef HAVE_STRINGS_H
| # include <strings.h>
| #endif
| #ifdef HAVE_INTTYPES_H
| # include <inttypes.h>
| #endif
| #ifdef HAVE_STDINT_H
| # include <stdint.h>
| #endif
| #ifdef HAVE_UNISTD_H
| # include <unistd.h>
| #endif
| #include <vfork.h>
configure:4993: result: no
configure:4993: checking vfork.h presence
configure:4993: gcc -E  conftest.c
conftest.c:26:19: error: vfork.h: No such file or directory
configure:4993: $? = 1
configure: failed program was:
| /* confdefs.h */
| #define PACKAGE_NAME "RhythmCat"
| #define PACKAGE_TARNAME "rhythmcat"
| #define PACKAGE_VERSION "1.0.0"
| #define PACKAGE_STRING "RhythmCat 1.0.0"
| #define PACKAGE_BUGREPORT "http://code.google.com/p/rhythmcat/issues/list"
| #define PACKAGE_URL ""
| #define PACKAGE "RhythmCat"
| #define VERSION "1.0.0"
| #define STDC_HEADERS 1
| #define HAVE_SYS_TYPES_H 1
| #define HAVE_SYS_STAT_H 1
| #define HAVE_STDLIB_H 1
| #define HAVE_STRING_H 1
| #define HAVE_MEMORY_H 1
| #define HAVE_STRINGS_H 1
| #define HAVE_INTTYPES_H 1
| #define HAVE_STDINT_H 1
| #define HAVE_UNISTD_H 1
| #define HAVE_STDLIB_H 1
| #define HAVE_STRING_H 1
| #define HAVE_UNISTD_H 1
| #define HAVE_STDIO_H 1
| #define HAVE_LIMITS_H 1
| /* end confdefs.h.  */
| #include <vfork.h>
configure:4993: result: no
configure:4993: checking for vfork.h
configure:4993: result: no
configure:5006: checking for fork
configure:5006: gcc -o conftest -Wall -O2 -DINSTALL_PATH=\"${datarootdir}/RhythmCat/\"   conftest.c  >&5
<command-line>: warning: missing terminating " character
conftest.c:49: warning: conflicting types for built-in function 'fork'
configure:5006: $? = 0
configure:5006: result: yes
configure:5006: checking for vfork
configure:5006: gcc -o conftest -Wall -O2 -DINSTALL_PATH=\"${datarootdir}/RhythmCat/\"   conftest.c  >&5
<command-line>: warning: missing terminating " character
configure:5006: $? = 0
configure:5006: result: yes
configure:5016: checking for working fork
configure:5038: gcc -o conftest -Wall -O2 -DINSTALL_PATH=\"${datarootdir}/RhythmCat/\"   conftest.c  >&5
<command-line>: warning: missing terminating " character
configure:5038: $? = 0
configure:5038: ./conftest
configure:5038: $? = 0
configure:5048: result: yes
configure:5069: checking for working vfork
configure:5179: result: yes
configure:5207: checking for bzero
configure:5207: gcc -o conftest -Wall -O2 -DINSTALL_PATH=\"${datarootdir}/RhythmCat/\"   conftest.c  >&5
<command-line>: warning: missing terminating " character
conftest.c:53: warning: conflicting types for built-in function 'bzero'
configure:5207: $? = 0
configure:5207: result: yes
configure:5207: checking for memset
configure:5207: gcc -o conftest -Wall -O2 -DINSTALL_PATH=\"${datarootdir}/RhythmCat/\"   conftest.c  >&5
<command-line>: warning: missing terminating " character
conftest.c:54: warning: conflicting types for built-in function 'memset'
configure:5207: $? = 0
configure:5207: result: yes
configure:5207: checking for realpath
configure:5207: gcc -o conftest -Wall -O2 -DINSTALL_PATH=\"${datarootdir}/RhythmCat/\"   conftest.c  >&5
<command-line>: warning: missing terminating " character
configure:5207: $? = 0
configure:5207: result: yes
configure:5207: checking for strrchr
configure:5207: gcc -o conftest -Wall -O2 -DINSTALL_PATH=\"${datarootdir}/RhythmCat/\"   conftest.c  >&5
<command-line>: warning: missing terminating " character
conftest.c:56: warning: conflicting types for built-in function 'strrchr'
configure:5207: $? = 0
configure:5207: result: yes
configure:5207: checking for strstr
configure:5207: gcc -o conftest -Wall -O2 -DINSTALL_PATH=\"${datarootdir}/RhythmCat/\"   conftest.c  >&5
<command-line>: warning: missing terminating " character
conftest.c:57: warning: conflicting types for built-in function 'strstr'
configure:5207: $? = 0
configure:5207: result: yes
configure:5228: checking locale.h usability
configure:5228: gcc -c -Wall -O2 -DINSTALL_PATH=\"${datarootdir}/RhythmCat/\"  conftest.c >&5
<command-line>: warning: missing terminating " character
configure:5228: $? = 0
configure:5228: result: yes
configure:5228: checking locale.h presence
configure:5228: gcc -E  conftest.c
configure:5228: $? = 0
configure:5228: result: yes
configure:5228: checking for locale.h
configure:5228: result: yes
configure:5239: checking for LC_MESSAGES
configure:5255: gcc -o conftest -Wall -O2 -DINSTALL_PATH=\"${datarootdir}/RhythmCat/\"   conftest.c  >&5
<command-line>: warning: missing terminating " character
configure:5255: $? = 0
configure:5263: result: yes
configure:5280: checking libintl.h usability
configure:5280: gcc -c -Wall -O2 -DINSTALL_PATH=\"${datarootdir}/RhythmCat/\"  conftest.c >&5
<command-line>: warning: missing terminating " character
configure:5280: $? = 0
configure:5280: result: yes
configure:5280: checking libintl.h presence
configure:5280: gcc -E  conftest.c
configure:5280: $? = 0
configure:5280: result: yes
configure:5280: checking for libintl.h
configure:5280: result: yes
configure:5288: checking for ngettext in libc
configure:5306: gcc -o conftest -Wall -O2 -DINSTALL_PATH=\"${datarootdir}/RhythmCat/\"   conftest.c  >&5
<command-line>: warning: missing terminating " character
configure:5306: $? = 0
configure:5315: result: yes
configure:5319: checking for dgettext in libc
configure:5337: gcc -o conftest -Wall -O2 -DINSTALL_PATH=\"${datarootdir}/RhythmCat/\"   conftest.c  >&5
<command-line>: warning: missing terminating " character
configure:5337: $? = 0
configure:5346: result: yes
configure:5353: checking for bind_textdomain_codeset
configure:5353: gcc -o conftest -Wall -O2 -DINSTALL_PATH=\"${datarootdir}/RhythmCat/\"   conftest.c  >&5
<command-line>: warning: missing terminating " character
configure:5353: $? = 0
configure:5353: result: yes
configure:5629: checking for msgfmt
configure:5656: result: /usr/bin/msgfmt
configure:5667: checking for dcgettext
configure:5667: gcc -o conftest -Wall -O2 -DINSTALL_PATH=\"${datarootdir}/RhythmCat/\"   conftest.c   >&5
<command-line>: warning: missing terminating " character
conftest.c:63: warning: conflicting types for built-in function 'dcgettext'
configure:5667: $? = 0
configure:5667: result: yes
configure:5677: checking if msgfmt accepts -c
configure:5692: $MSGFMT -c -o /dev/null conftest.foo
configure:5695: $? = 0
configure:5697: result: yes
configure:5707: checking for gmsgfmt
configure:5738: result: /usr/bin/msgfmt
configure:5748: checking for xgettext
configure:5775: result: /usr/bin/xgettext
configure:5794: gcc -o conftest -Wall -O2 -DINSTALL_PATH=\"${datarootdir}/RhythmCat/\"   conftest.c   >&5
<command-line>: warning: missing terminating " character
configure:5794: $? = 0
configure:5872: checking for catalogs to be installed
configure:5897: result:  zh_CN zh_TW ja_JP
configure:5931: checking whether NLS is requested
configure:5940: result: yes
configure:5981: checking for msgfmt
configure:6013: result: /usr/bin/msgfmt
configure:6022: checking for gmsgfmt
configure:6053: result: /usr/bin/msgfmt
configure:6104: checking for xgettext
configure:6136: result: /usr/bin/xgettext
configure:6182: checking for msgmerge
configure: trying /usr/bin/msgmerge...
configure:6213: result: /usr/bin/msgmerge
configure:6250: checking build system type
configure:6264: result: x86_64-unknown-linux-gnu
configure:6284: checking host system type
configure:6297: result: x86_64-unknown-linux-gnu
configure:6341: checking for ld used by GCC
configure:6405: result: /usr/bin/ld
configure:6412: checking if the linker (/usr/bin/ld) is GNU ld
configure:6425: result: yes
configure:6432: checking for shared library run path origin
configure:6445: result: done
configure:7017: checking for CFPreferencesCopyAppValue
configure:7035: gcc -o conftest -Wall -O2 -DINSTALL_PATH=\"${datarootdir}/RhythmCat/\"   conftest.c  -Wl,-framework -Wl,CoreFoundation >&5
<command-line>: warning: missing terminating " character
conftest.c:42:42: error: CoreFoundation/CFPreferences.h: No such file or directory
conftest.c: In function 'main':
conftest.c:46: warning: implicit declaration of function 'CFPreferencesCopyAppValue'
conftest.c:46: error: 'NULL' undeclared (first use in this function)
conftest.c:46: error: (Each undeclared identifier is reported only once
conftest.c:46: error: for each function it appears in.)
configure:7035: $? = 1
configure: failed program was:
| /* confdefs.h */
| #define PACKAGE_NAME "RhythmCat"
| #define PACKAGE_TARNAME "rhythmcat"
| #define PACKAGE_VERSION "1.0.0"
| #define PACKAGE_STRING "RhythmCat 1.0.0"
| #define PACKAGE_BUGREPORT "http://code.google.com/p/rhythmcat/issues/list"
| #define PACKAGE_URL ""
| #define PACKAGE "RhythmCat"
| #define VERSION "1.0.0"
| #define STDC_HEADERS 1
| #define HAVE_SYS_TYPES_H 1
| #define HAVE_SYS_STAT_H 1
| #define HAVE_STDLIB_H 1
| #define HAVE_STRING_H 1
| #define HAVE_MEMORY_H 1
| #define HAVE_STRINGS_H 1
| #define HAVE_INTTYPES_H 1
| #define HAVE_STDINT_H 1
| #define HAVE_UNISTD_H 1
| #define HAVE_STDLIB_H 1
| #define HAVE_STRING_H 1
| #define HAVE_UNISTD_H 1
| #define HAVE_STDIO_H 1
| #define HAVE_LIMITS_H 1
| #define HAVE_FORK 1
| #define HAVE_VFORK 1
| #define HAVE_WORKING_VFORK 1
| #define HAVE_WORKING_FORK 1
| #define HAVE_BZERO 1
| #define HAVE_MEMSET 1
| #define HAVE_REALPATH 1
| #define HAVE_STRRCHR 1
| #define HAVE_STRSTR 1
| #define GETTEXT_PACKAGE "RhythmCat"
| #define HAVE_LOCALE_H 1
| #define HAVE_LC_MESSAGES 1
| #define HAVE_BIND_TEXTDOMAIN_CODESET 1
| #define HAVE_GETTEXT 1
| #define HAVE_DCGETTEXT 1
| #define ENABLE_NLS 1
| /* end confdefs.h.  */
| #include <CoreFoundation/CFPreferences.h>
| int
| main ()
| {
| CFPreferencesCopyAppValue(NULL, NULL)
|   ;
|   return 0;
| }
configure:7044: result: no
configure:7051: checking for CFLocaleCopyCurrent
configure:7069: gcc -o conftest -Wall -O2 -DINSTALL_PATH=\"${datarootdir}/RhythmCat/\"   conftest.c  -Wl,-framework -Wl,CoreFoundation >&5
<command-line>: warning: missing terminating " character
conftest.c:42:37: error: CoreFoundation/CFLocale.h: No such file or directory
conftest.c: In function 'main':
conftest.c:46: warning: implicit declaration of function 'CFLocaleCopyCurrent'
configure:7069: $? = 1
configure: failed program was:
| /* confdefs.h */
| #define PACKAGE_NAME "RhythmCat"
| #define PACKAGE_TARNAME "rhythmcat"
| #define PACKAGE_VERSION "1.0.0"
| #define PACKAGE_STRING "RhythmCat 1.0.0"
| #define PACKAGE_BUGREPORT "http://code.google.com/p/rhythmcat/issues/list"
| #define PACKAGE_URL ""
| #define PACKAGE "RhythmCat"
| #define VERSION "1.0.0"
| #define STDC_HEADERS 1
| #define HAVE_SYS_TYPES_H 1
| #define HAVE_SYS_STAT_H 1
| #define HAVE_STDLIB_H 1
| #define HAVE_STRING_H 1
| #define HAVE_MEMORY_H 1
| #define HAVE_STRINGS_H 1
| #define HAVE_INTTYPES_H 1
| #define HAVE_STDINT_H 1
| #define HAVE_UNISTD_H 1
| #define HAVE_STDLIB_H 1
| #define HAVE_STRING_H 1
| #define HAVE_UNISTD_H 1
| #define HAVE_STDIO_H 1
| #define HAVE_LIMITS_H 1
| #define HAVE_FORK 1
| #define HAVE_VFORK 1
| #define HAVE_WORKING_VFORK 1
| #define HAVE_WORKING_FORK 1
| #define HAVE_BZERO 1
| #define HAVE_MEMSET 1
| #define HAVE_REALPATH 1
| #define HAVE_STRRCHR 1
| #define HAVE_STRSTR 1
| #define GETTEXT_PACKAGE "RhythmCat"
| #define HAVE_LOCALE_H 1
| #define HAVE_LC_MESSAGES 1
| #define HAVE_BIND_TEXTDOMAIN_CODESET 1
| #define HAVE_GETTEXT 1
| #define HAVE_DCGETTEXT 1
| #define ENABLE_NLS 1
| /* end confdefs.h.  */
| #include <CoreFoundation/CFLocale.h>
| int
| main ()
| {
| CFLocaleCopyCurrent();
|   ;
|   return 0;
| }
configure:7078: result: no
configure:7127: checking for GNU gettext in libc
configure:7147: gcc -o conftest -Wall -O2 -DINSTALL_PATH=\"${datarootdir}/RhythmCat/\"   conftest.c  >&5
<command-line>: warning: missing terminating " character
configure:7147: $? = 0
configure:7156: result: yes
configure:7947: checking whether to use NLS
configure:7949: result: yes
configure:7952: checking where the gettext function comes from
configure:7963: result: libc
configure:8182: creating ./config.status

## ---------------------- ##
## Running config.status. ##
## ---------------------- ##

This file was extended by RhythmCat config.status 1.0.0, which was
generated by GNU Autoconf 2.67.  Invocation command line was

  CONFIG_FILES    = 
  CONFIG_HEADERS  = 
  CONFIG_LINKS    = 
  CONFIG_COMMANDS = 
  $ ./config.status 

on supercat-laptop

config.status:965: creating Makefile
config.status:965: creating po/Makefile.in
config.status:965: creating po/Makefile
config.status:965: creating src/Makefile
config.status:965: creating data/Makefile
config.status:965: creating doc/Makefile
config.status:965: creating doc/reference/Makefile
config.status:965: creating data/images/Makefile
config.status:965: creating data/icons/Makefile
config.status:965: creating config.h
config.status:1145: config.h is unchanged
config.status:1193: executing depfiles commands
config.status:1193: executing default-1 commands
config.status:1193: executing po-directories commands

## ---------------- ##
## Cache variables. ##
## ---------------- ##

ac_cv_build=x86_64-unknown-linux-gnu
ac_cv_c_compiler_gnu=yes
ac_cv_env_CC_set=
ac_cv_env_CC_value=
ac_cv_env_CFLAGS_set=
ac_cv_env_CFLAGS_value=
ac_cv_env_CPPFLAGS_set=
ac_cv_env_CPPFLAGS_value=
ac_cv_env_CPP_set=
ac_cv_env_CPP_value=
ac_cv_env_DBUS_GLIB_CFLAGS_set=
ac_cv_env_DBUS_GLIB_CFLAGS_value=
ac_cv_env_DBUS_GLIB_LIBS_set=
ac_cv_env_DBUS_GLIB_LIBS_value=
ac_cv_env_GLIB2_CFLAGS_set=
ac_cv_env_GLIB2_CFLAGS_value=
ac_cv_env_GLIB2_LIBS_set=
ac_cv_env_GLIB2_LIBS_value=
ac_cv_env_GSTREAMER_CFLAGS_set=
ac_cv_env_GSTREAMER_CFLAGS_value=
ac_cv_env_GSTREAMER_LIBS_set=
ac_cv_env_GSTREAMER_LIBS_value=
ac_cv_env_GTK2_CFLAGS_set=
ac_cv_env_GTK2_CFLAGS_value=
ac_cv_env_GTK2_LIBS_set=
ac_cv_env_GTK2_LIBS_value=
ac_cv_env_LDFLAGS_set=
ac_cv_env_LDFLAGS_value=
ac_cv_env_LIBS_set=
ac_cv_env_LIBS_value=
ac_cv_env_PKG_CONFIG_LIBDIR_set=
ac_cv_env_PKG_CONFIG_LIBDIR_value=
ac_cv_env_PKG_CONFIG_PATH_set=
ac_cv_env_PKG_CONFIG_PATH_value=
ac_cv_env_PKG_CONFIG_set=
ac_cv_env_PKG_CONFIG_value=
ac_cv_env_build_alias_set=
ac_cv_env_build_alias_value=
ac_cv_env_host_alias_set=
ac_cv_env_host_alias_value=
ac_cv_env_target_alias_set=
ac_cv_env_target_alias_value=
ac_cv_func_bind_textdomain_codeset=yes
ac_cv_func_bzero=yes
ac_cv_func_dcgettext=yes
ac_cv_func_fork=yes
ac_cv_func_fork_works=yes
ac_cv_func_memset=yes
ac_cv_func_realpath=yes
ac_cv_func_strrchr=yes
ac_cv_func_strstr=yes
ac_cv_func_vfork=yes
ac_cv_func_vfork_works=yes
ac_cv_header_inttypes_h=yes
ac_cv_header_libintl_h=yes
ac_cv_header_limits_h=yes
ac_cv_header_locale_h=yes
ac_cv_header_memory_h=yes
ac_cv_header_stdc=yes
ac_cv_header_stdint_h=yes
ac_cv_header_stdio_h=yes
ac_cv_header_stdlib_h=yes
ac_cv_header_string_h=yes
ac_cv_header_strings_h=yes
ac_cv_header_sys_stat_h=yes
ac_cv_header_sys_types_h=yes
ac_cv_header_unistd_h=yes
ac_cv_header_vfork_h=no
ac_cv_host=x86_64-unknown-linux-gnu
ac_cv_objext=o
ac_cv_path_DBUSBINDINGTOOL=/usr/bin/dbus-binding-tool
ac_cv_path_EGREP='/bin/grep -E'
ac_cv_path_GMSGFMT=/usr/bin/msgfmt
ac_cv_path_GREP=/bin/grep
ac_cv_path_GTKDOC_CHECK=/usr/bin/gtkdoc-check
ac_cv_path_GTKDOC_MKPDF=/usr/bin/gtkdoc-mkpdf
ac_cv_path_GTKDOC_REBASE=/usr/bin/gtkdoc-rebase
ac_cv_path_MSGFMT=/usr/bin/msgfmt
ac_cv_path_MSGMERGE=/usr/bin/msgmerge
ac_cv_path_XGETTEXT=/usr/bin/xgettext
ac_cv_path_ac_pt_PKG_CONFIG=/usr/bin/pkg-config
ac_cv_path_install='/usr/bin/install -c'
ac_cv_path_mkdir=/bin/mkdir
ac_cv_prog_AWK=gawk
ac_cv_prog_CPP='gcc -E'
ac_cv_prog_ac_ct_CC=gcc
ac_cv_prog_cc_c89=
ac_cv_prog_cc_g=yes
ac_cv_prog_make_make_set=yes
ac_cv_type_pid_t=yes
acl_cv_hardcode_direct=no
acl_cv_hardcode_libdir_flag_spec='${wl}-rpath ${wl}$libdir'
acl_cv_hardcode_libdir_separator=
acl_cv_hardcode_minus_L=no
acl_cv_libext=a
acl_cv_libname_spec='lib$name'
acl_cv_library_names_spec='$libname$shrext'
acl_cv_path_LD=/usr/bin/ld
acl_cv_prog_gnu_ld=yes
acl_cv_rpath=done
acl_cv_shlibext=so
acl_cv_wl=-Wl,
am_cv_CC_dependencies_compiler_type=gcc3
am_cv_val_LC_MESSAGES=yes
gt_cv_func_CFLocaleCopyCurrent=no
gt_cv_func_CFPreferencesCopyAppValue=no
gt_cv_func_dgettext_libc=yes
gt_cv_func_dgettext_libintl=no
gt_cv_func_gnugettext1_libc=yes
gt_cv_func_ngettext_libc=yes
gt_cv_have_gettext=yes
pkg_cv_DBUS_GLIB_CFLAGS='-pthread -I/usr/include/dbus-1.0 -I/usr/lib/dbus-1.0/include -I/usr/include/glib-2.0 -I/usr/lib/glib-2.0/include  '
pkg_cv_DBUS_GLIB_LIBS='-pthread -ldbus-glib-1 -ldbus-1 -lpthread -lgobject-2.0 -lgthread-2.0 -lrt -lglib-2.0  '
pkg_cv_GLIB2_CFLAGS='-pthread -I/usr/include/glib-2.0 -I/usr/lib/glib-2.0/include  '
pkg_cv_GLIB2_LIBS='-pthread -Wl,--export-dynamic -lgio-2.0 -lgobject-2.0 -lgmodule-2.0 -lgthread-2.0 -lrt -lglib-2.0  '
pkg_cv_GSTREAMER_CFLAGS='-pthread -I/usr/include/gstreamer-0.10 -I/usr/include/glib-2.0 -I/usr/lib/glib-2.0/include -I/usr/include/libxml2  '
pkg_cv_GSTREAMER_LIBS='-pthread -lgstpbutils-0.10 -lgstreamer-0.10 -lgobject-2.0 -lgmodule-2.0 -lxml2 -lgthread-2.0 -lrt -lglib-2.0  '
pkg_cv_GTK2_CFLAGS='-pthread -I/usr/include/gtk-2.0 -I/usr/lib/gtk-2.0/include -I/usr/include/atk-1.0 -I/usr/include/cairo -I/usr/include/pango-1.0 -I/usr/include/gio-unix-2.0/ -I/usr/include/pixman-1 -I/usr/include/freetype2 -I/usr/include/libpng12 -I/usr/include/glib-2.0 -I/usr/lib/glib-2.0/include  '
pkg_cv_GTK2_LIBS='-pthread -lgtk-x11-2.0 -lgdk-x11-2.0 -latk-1.0 -lpangoft2-1.0 -lgdk_pixbuf-2.0 -lm -lpangocairo-1.0 -lcairo -lgio-2.0 -lpango-1.0 -lfreetype -lfontconfig -lgobject-2.0 -lgmodule-2.0 -lgthread-2.0 -lrt -lglib-2.0  '

## ----------------- ##
## Output variables. ##
## ----------------- ##

ACLOCAL='${SHELL} /home/supercat/Project/RhythmCat/Sources/missing --run aclocal-1.11'
AMDEPBACKSLASH='\'
AMDEP_FALSE='#'
AMDEP_TRUE=''
AMTAR='${SHELL} /home/supercat/Project/RhythmCat/Sources/missing --run tar'
AUTOCONF='${SHELL} /home/supercat/Project/RhythmCat/Sources/missing --run autoconf'
AUTOHEADER='${SHELL} /home/supercat/Project/RhythmCat/Sources/missing --run autoheader'
AUTOMAKE='${SHELL} /home/supercat/Project/RhythmCat/Sources/missing --run automake-1.11'
AWK='gawk'
CATALOGS=' zh_CN.gmo zh_TW.gmo ja_JP.gmo'
CATOBJEXT='.gmo'
CC='gcc'
CCDEPMODE='depmode=gcc3'
CFLAGS='-Wall -O2 -DINSTALL_PATH=\"${datarootdir}/RhythmCat/\"'
CPP='gcc -E'
CPPFLAGS=''
CYGPATH_W='echo'
DATADIRNAME='share'
DBUSBINDINGTOOL='/usr/bin/dbus-binding-tool'
DBUS_GLIB_CFLAGS='-pthread -I/usr/include/dbus-1.0 -I/usr/lib/dbus-1.0/include -I/usr/include/glib-2.0 -I/usr/lib/glib-2.0/include  '
DBUS_GLIB_LIBS='-pthread -ldbus-glib-1 -ldbus-1 -lpthread -lgobject-2.0 -lgthread-2.0 -lrt -lglib-2.0  '
DEBUG_MODE_FALSE=''
DEBUG_MODE_TRUE='#'
DEFS='-DHAVE_CONFIG_H'
DEPDIR='.deps'
ECHO_C=''
ECHO_N='-n'
ECHO_T=''
EGREP='/bin/grep -E'
ENABLE_GTK_DOC_FALSE='#'
ENABLE_GTK_DOC_TRUE=''
EXEEXT=''
GETTEXT_MACRO_VERSION='0.18'
GETTEXT_PACKAGE='RhythmCat'
GLIB2_CFLAGS='-pthread -I/usr/include/glib-2.0 -I/usr/lib/glib-2.0/include  '
GLIB2_LIBS='-pthread -Wl,--export-dynamic -lgio-2.0 -lgobject-2.0 -lgmodule-2.0 -lgthread-2.0 -lrt -lglib-2.0  '
GMOFILES=' zh_CN.gmo zh_TW.gmo ja_JP.gmo'
GMSGFMT='/usr/bin/msgfmt'
GMSGFMT_015='/usr/bin/msgfmt'
GREP='/bin/grep'
GSTREAMER_CFLAGS='-pthread -I/usr/include/gstreamer-0.10 -I/usr/include/glib-2.0 -I/usr/lib/glib-2.0/include -I/usr/include/libxml2  '
GSTREAMER_LIBS='-pthread -lgstpbutils-0.10 -lgstreamer-0.10 -lgobject-2.0 -lgmodule-2.0 -lxml2 -lgthread-2.0 -lrt -lglib-2.0  '
GTK2_CFLAGS='-pthread -I/usr/include/gtk-2.0 -I/usr/lib/gtk-2.0/include -I/usr/include/atk-1.0 -I/usr/include/cairo -I/usr/include/pango-1.0 -I/usr/include/gio-unix-2.0/ -I/usr/include/pixman-1 -I/usr/include/freetype2 -I/usr/include/libpng12 -I/usr/include/glib-2.0 -I/usr/lib/glib-2.0/include  '
GTK2_LIBS='-pthread -lgtk-x11-2.0 -lgdk-x11-2.0 -latk-1.0 -lpangoft2-1.0 -lgdk_pixbuf-2.0 -lm -lpangocairo-1.0 -lcairo -lgio-2.0 -lpango-1.0 -lfreetype -lfontconfig -lgobject-2.0 -lgmodule-2.0 -lgthread-2.0 -lrt -lglib-2.0  '
GTKDOC_CHECK='/usr/bin/gtkdoc-check'
GTKDOC_MKPDF='/usr/bin/gtkdoc-mkpdf'
GTKDOC_REBASE='/usr/bin/gtkdoc-rebase'
GTK_DOC_BUILD_HTML_FALSE='#'
GTK_DOC_BUILD_HTML_TRUE=''
GTK_DOC_BUILD_PDF_FALSE=''
GTK_DOC_BUILD_PDF_TRUE='#'
GTK_DOC_USE_LIBTOOL_FALSE=''
GTK_DOC_USE_LIBTOOL_TRUE='#'
GTK_DOC_USE_REBASE_FALSE='#'
GTK_DOC_USE_REBASE_TRUE=''
HTML_DIR='${datadir}/gtk-doc/html'
INSTALL_DATA='${INSTALL} -m 644'
INSTALL_PROGRAM='${INSTALL}'
INSTALL_SCRIPT='${INSTALL}'
INSTALL_STRIP_PROGRAM='$(install_sh) -c -s'
INSTOBJEXT='.mo'
INTLLIBS=''
INTL_MACOSX_LIBS=''
LDFLAGS=''
LIBICONV='-liconv'
LIBINTL=''
LIBOBJS=''
LIBS=''
LN_S='ln -s'
LTLIBICONV='-liconv'
LTLIBINTL=''
LTLIBOBJS=''
MAKEINFO='${SHELL} /home/supercat/Project/RhythmCat/Sources/missing --run makeinfo'
MKDIR_P='/bin/mkdir -p'
MKINSTALLDIRS='./mkinstalldirs'
MSGFMT='/usr/bin/msgfmt'
MSGFMT_015='/usr/bin/msgfmt'
MSGFMT_OPTS='-c'
MSGMERGE='/usr/bin/msgmerge'
OBJEXT='o'
PACKAGE='RhythmCat'
PACKAGE_BUGREPORT='http://code.google.com/p/rhythmcat/issues/list'
PACKAGE_NAME='RhythmCat'
PACKAGE_STRING='RhythmCat 1.0.0'
PACKAGE_TARNAME='rhythmcat'
PACKAGE_URL=''
PACKAGE_VERSION='1.0.0'
PATH_SEPARATOR=':'
PKG_CONFIG='/usr/bin/pkg-config'
PKG_CONFIG_LIBDIR=''
PKG_CONFIG_PATH=''
POFILES=' zh_CN.po zh_TW.po ja_JP.po'
POSUB='po'
PO_IN_DATADIR_FALSE=''
PO_IN_DATADIR_TRUE=''
SET_MAKE=''
SHELL='/bin/bash'
STRIP=''
USE_NLS='yes'
VERSION='1.0.0'
XGETTEXT='/usr/bin/xgettext'
XGETTEXT_015='/usr/bin/xgettext'
XGETTEXT_EXTRA_OPTIONS=''
ac_ct_CC='gcc'
am__EXEEXT_FALSE=''
am__EXEEXT_TRUE='#'
am__fastdepCC_FALSE='#'
am__fastdepCC_TRUE=''
am__include='include'
am__isrc=''
am__leading_dot='.'
am__quote=''
am__tar='${AMTAR} chof - "$$tardir"'
am__untar='${AMTAR} xf -'
bindir='${exec_prefix}/bin'
build='x86_64-unknown-linux-gnu'
build_alias=''
build_cpu='x86_64'
build_os='linux-gnu'
build_vendor='unknown'
datadir='${datarootdir}'
datarootdir='${prefix}/share'
docdir='${datarootdir}/doc/${PACKAGE_TARNAME}'
dvidir='${docdir}'
exec_prefix='${prefix}'
host='x86_64-unknown-linux-gnu'
host_alias=''
host_cpu='x86_64'
host_os='linux-gnu'
host_vendor='unknown'
htmldir='${docdir}'
includedir='${prefix}/include'
infodir='${datarootdir}/info'
install_sh='${SHELL} /home/supercat/Project/RhythmCat/Sources/install-sh'
libdir='${exec_prefix}/lib'
libexecdir='${exec_prefix}/libexec'
localedir='${datarootdir}/locale'
localstatedir='${prefix}/var'
mandir='${datarootdir}/man'
mkdir_p='/bin/mkdir -p'
oldincludedir='/usr/include'
pdfdir='${docdir}'
prefix='/opt/amd64/RhythmCat'
program_transform_name='s,x,x,'
psdir='${docdir}'
sbindir='${exec_prefix}/sbin'
sharedstatedir='${prefix}/com'
sysconfdir='${prefix}/etc'
target_alias=''

## ----------- ##
## confdefs.h. ##
## ----------- ##

/* confdefs.h */
#define PACKAGE_NAME "RhythmCat"
#define PACKAGE_TARNAME "rhythmcat"
#define PACKAGE_VERSION "1.0.0"
#define PACKAGE_STRING "RhythmCat 1.0.0"
#define PACKAGE_BUGREPORT "http://code.google.com/p/rhythmcat/issues/list"
#define PACKAGE_URL ""
#define PACKAGE "RhythmCat"
#define VERSION "1.0.0"
#define STDC_HEADERS 1
#define HAVE_SYS_TYPES_H 1
#define HAVE_SYS_STAT_H 1
#define HAVE_STDLIB_H 1
#define HAVE_STRING_H 1
#define HAVE_MEMORY_H 1
#define HAVE_STRINGS_H 1
#define HAVE_INTTYPES_H 1
#define HAVE_STDINT_H 1
#define HAVE_UNISTD_H 1
#define HAVE_STDLIB_H 1
#define HAVE_STRING_H 1
#define HAVE_UNISTD_H 1
#define HAVE_STDIO_H 1
#define HAVE_LIMITS_H 1
#define HAVE_FORK 1
#define HAVE_VFORK 1
#define HAVE_WORKING_VFORK 1
#define HAVE_WORKING_FORK 1
#define HAVE_BZERO 1
#define HAVE_MEMSET 1
#define HAVE_REALPATH 1
#define HAVE_STRRCHR 1
#define HAVE_STRSTR 1
#define GETTEXT_PACKAGE "RhythmCat"
#define HAVE_LOCALE_H 1
#define HAVE_LC_MESSAGES 1
#define HAVE_BIND_TEXTDOMAIN_CODESET 1
#define HAVE_GETTEXT 1
#define HAVE_DCGETTEXT 1
#define ENABLE_NLS 1
#define ENABLE_NLS 1
#define HAVE_GETTEXT 1
#define HAVE_DCGETTEXT 1

configure: exit 0

## ---------------------- ##
## Running config.status. ##
## ---------------------- ##

This file was extended by RhythmCat config.status 1.0.0, which was
generated by GNU Autoconf 2.67.  Invocation command line was

  CONFIG_FILES    = 
  CONFIG_HEADERS  = 
  CONFIG_LINKS    = 
  CONFIG_COMMANDS = 
  $ ./config.status config.h

on supercat-laptop

config.status:965: creating config.h
config.status:1145: config.h is unchanged
